[GIN-debug] [WARNING] Creating an Engine instance with the Logger and Recovery middleware already attached.

[GIN-debug] [WARNING] Running in "debug" mode. Switch to "release" mode in production.
 - using env:	export GIN_MODE=release
 - using code:	gin.SetMode(gin.ReleaseMode)

[GIN-debug] Loaded HTML Templates (4): 
	- index.gohtml
	- index/index.gohtml
	- posts/index.gohtml
	- 

[GIN-debug] GET    /assets/*filepath         --> github.com/gin-gonic/gin.(*RouterGroup).createStaticHandler.func1 (3 handlers)
[GIN-debug] HEAD   /assets/*filepath         --> github.com/gin-gonic/gin.(*RouterGroup).createStaticHandler.func1 (3 handlers)
[GIN-debug] GET    /                         --> main.main.func1 (3 handlers)
[GIN-debug] GET    /posts/index              --> main.main.func2 (3 handlers)
[GIN-debug] [WARNING] You trusted all proxies, this is NOT safe. We recommend you to set a value.
Please check https://pkg.go.dev/github.com/gin-gonic/gin#readme-don-t-trust-all-proxies for details.
[GIN-debug] Listening and serving HTTP on :8080
[GIN] 2022/05/03 - 22:40:37 | 200 |       994.4µs |             ::1 | GET      "/posts/index"
[GIN] 2022/05/03 - 22:40:38 | 200 |      27.995ms |             ::1 | GET      "/assets/js/bootstrap.min.js.map"
[GIN] 2022/05/03 - 22:40:38 | 200 |          34ms |             ::1 | GET      "/assets/css/bootstrap.min.css.map"
[GIN] 2022/05/03 - 22:40:39 | 200 |       500.8µs |             ::1 | GET      "/"
[GIN] 2022/05/03 - 22:40:40 | 200 |       999.5µs |             ::1 | GET      "/assets/js/bootstrap.min.js.map"
[GIN] 2022/05/03 - 22:40:40 | 200 |      2.4982ms |             ::1 | GET      "/assets/css/bootstrap.min.css.map"
[GIN] 2022/05/03 - 22:41:21 | 200 |      6.0004ms |             ::1 | GET      "/"
[GIN] 2022/05/03 - 22:41:21 | 200 |      1.0001ms |             ::1 | GET      "/assets/js/bootstrap.min.js.map"
[GIN] 2022/05/03 - 22:41:21 | 200 |      2.4946ms |             ::1 | GET      "/assets/css/bootstrap.min.css.map"
[GIN] 2022/05/03 - 22:42:05 | 404 |            0s |             ::1 | GET      "/gggggg"
